<?xml version="1.0" encoding="UTF-8"?>
<!-- Generated by org.testng.reporters.JUnitReportReporter -->
<testsuite skipped="0" hostname="WMP-2015080088" name="WMP.Front.common.NewTest" tests="2" failures="0" timestamp="27 Dec 2016 08:17:58 GMT" time="72.029" errors="0">
  <testcase name="today_deal_banner" time="48.463" classname="WMP.Front.common.NewTest"/>
  <testcase name="Right_Promotion_Banner" time="23.566" classname="WMP.Front.common.NewTest"/>
</testsuite> <!-- WMP.Front.common.NewTest -->
