<?xml version="1.0" encoding="UTF-8"?>
<!-- Generated by org.testng.reporters.JUnitReportReporter -->
<testsuite skipped="0" hostname="WMP-2015080088" name="WMP.Front.common.NewTest" tests="2" failures="0" timestamp="26 Dec 2016 08:19:22 GMT" time="8.874" errors="0">
  <testcase name="TC002" time="3.908" classname="WMP.Front.common.NewTest"/>
  <testcase name="TC001" time="4.966" classname="WMP.Front.common.NewTest"/>
</testsuite> <!-- WMP.Front.common.NewTest -->
